<?xml version="1.0" encoding="UTF-8"?>
<robot generator="Robot 7.0 (Python 3.11.7 on win32)" generated="2024-02-05T13:01:09.357934" rpa="false" schemaversion="5">
<suite id="s1" name="Test" source="C:\Users\samra\BDDWithGit\Robotframework-seleniumPractice\test.robot">
<kw name="We Are At The Login Page" type="SETUP">
<kw name="Open Browser" owner="SeleniumLibrary">
<msg time="2024-02-05T13:01:09.751708" level="INFO">Opening browser 'chrome' to base url 'None'.</msg>
<arg>browser=chrome</arg>
<doc>Opens a new browser instance to the optional ``url``.</doc>
<status status="PASS" start="2024-02-05T13:01:09.750709" elapsed="1.934221"/>
</kw>
<kw name="Go To" owner="SeleniumLibrary">
<msg time="2024-02-05T13:01:11.685930" level="INFO">Opening url 'https://automationplayground.com/crm/'</msg>
<arg>${url}</arg>
<doc>Navigates the current browser window to the provided ``url``.</doc>
<status status="PASS" start="2024-02-05T13:01:11.684930" elapsed="0.679612"/>
</kw>
<kw name="Click Link" owner="SeleniumLibrary">
<msg time="2024-02-05T13:01:12.366539" level="INFO">Clicking link '//a[@id='SignIn']'.</msg>
<arg>${sign}</arg>
<doc>Clicks a link identified by ``locator``.</doc>
<status status="PASS" start="2024-02-05T13:01:12.365541" elapsed="0.615646"/>
</kw>
<kw name="Wait Until Element Is Visible" owner="SeleniumLibrary">
<arg>//h2[normalize-space()='Login']</arg>
<doc>Waits until the element ``locator`` is visible.</doc>
<status status="PASS" start="2024-02-05T13:01:12.982186" elapsed="0.043976"/>
</kw>
<tag>login</tag>
<doc>opening the sign in page automation playground</doc>
<status status="PASS" start="2024-02-05T13:01:09.749709" elapsed="3.276453"/>
</kw>
<test id="s1-t1" name="Test login" line="17">
<kw name="Given The User Is Loged In">
<kw name="Input Text" owner="SeleniumLibrary">
<msg time="2024-02-05T13:01:13.028163" level="INFO">Typing text 'user@gmail.com' into text field '//input[@id='email-id']'.</msg>
<arg>//input[@id='email-id']</arg>
<arg>${user}</arg>
<doc>Types the given ``text`` into the text field identified by ``locator``.</doc>
<status status="PASS" start="2024-02-05T13:01:13.028163" elapsed="0.154909"/>
</kw>
<kw name="Input Password" owner="SeleniumLibrary">
<msg time="2024-02-05T13:01:13.185070" level="INFO">Typing password into text field '//input[@id='password']'.</msg>
<msg time="2024-02-05T13:01:13.241039" level="INFO">Temporally setting log level to: NONE</msg>
<arg>//input[@id='password']</arg>
<arg>${pass}</arg>
<doc>Types the given password into the text field identified by ``locator``.</doc>
<status status="PASS" start="2024-02-05T13:01:13.184072" elapsed="0.153911"/>
</kw>
<kw name="Click Button" owner="SeleniumLibrary">
<msg time="2024-02-05T13:01:13.338983" level="INFO">Clicking button '//button[@id='submit-id']'.</msg>
<arg>//button[@id='submit-id']</arg>
<doc>Clicks the button identified by ``locator``.</doc>
<status status="PASS" start="2024-02-05T13:01:13.338983" elapsed="0.248857"/>
</kw>
<kw name="Set Selenium Speed" owner="SeleniumLibrary">
<arg>1</arg>
<doc>Sets the delay that is waited after each Selenium command.</doc>
<status status="PASS" start="2024-02-05T13:01:13.588843" elapsed="0.000000"/>
</kw>
<kw name="Wait Until Element Is Visible" owner="SeleniumLibrary">
<arg>//h2[normalize-space()='Our Happy Customers']</arg>
<doc>Waits until the element ``locator`` is visible.</doc>
<status status="PASS" start="2024-02-05T13:01:13.589839" elapsed="2.250070"/>
</kw>
<arg>${username}</arg>
<arg>${password}</arg>
<tag>login</tag>
<doc>Giving Username and Password</doc>
<status status="PASS" start="2024-02-05T13:01:13.028163" elapsed="2.813745"/>
</kw>
<kw name="When Add Customer">
<kw name="Click Element" owner="SeleniumLibrary">
<msg time="2024-02-05T13:01:15.848903" level="INFO">Clicking element '//a[@id='new-customer']'.</msg>
<arg>//a[@id='new-customer']</arg>
<doc>Click the element identified by ``locator``.</doc>
<status status="PASS" start="2024-02-05T13:01:15.847904" elapsed="2.432777"/>
</kw>
<kw name="Wait Until Element Is Visible" owner="SeleniumLibrary">
<arg>//h2[normalize-space()='Add Customer']</arg>
<doc>Waits until the element ``locator`` is visible.</doc>
<status status="PASS" start="2024-02-05T13:01:18.281595" elapsed="2.056595"/>
</kw>
<kw name="Input Text" owner="SeleniumLibrary">
<msg time="2024-02-05T13:01:20.339106" level="INFO">Typing text 'samra@gmail.com' into text field '//input[@id='EmailAddress']'.</msg>
<arg>//input[@id='EmailAddress']</arg>
<arg>${email1}</arg>
<doc>Types the given ``text`` into the text field identified by ``locator``.</doc>
<status status="PASS" start="2024-02-05T13:01:20.339106" elapsed="3.230359"/>
</kw>
<kw name="Input Text" owner="SeleniumLibrary">
<msg time="2024-02-05T13:01:23.570465" level="INFO">Typing text 'assamnew' into text field '//input[@id='FirstName']'.</msg>
<arg>//input[@id='FirstName']</arg>
<arg>${firstname2}</arg>
<doc>Types the given ``text`` into the text field identified by ``locator``.</doc>
<status status="PASS" start="2024-02-05T13:01:23.569465" elapsed="3.243718"/>
</kw>
<kw name="Input Text" owner="SeleniumLibrary">
<msg time="2024-02-05T13:01:26.816178" level="INFO">Typing text 'assa' into text field '//input[@id='LastName']'.</msg>
<arg>//input[@id='LastName']</arg>
<arg>${lastname3}</arg>
<doc>Types the given ``text`` into the text field identified by ``locator``.</doc>
<status status="PASS" start="2024-02-05T13:01:26.814178" elapsed="3.295980"/>
</kw>
<kw name="Input Text" owner="SeleniumLibrary">
<msg time="2024-02-05T13:01:30.112023" level="INFO">Typing text 'gothenburg' into text field '//input[@id='City']'.</msg>
<arg>//input[@id='City']</arg>
<arg>${city4}</arg>
<doc>Types the given ``text`` into the text field identified by ``locator``.</doc>
<status status="PASS" start="2024-02-05T13:01:30.111024" elapsed="3.268455"/>
</kw>
<kw name="Select From List By Index" owner="SeleniumLibrary">
<msg time="2024-02-05T13:01:33.381352" level="INFO">Selecting options from selection list '(//select[@id='StateOrRegion'])[1]' by index 6.</msg>
<arg>(//select[@id='StateOrRegion'])[1]</arg>
<arg>6</arg>
<doc>Selects options from selection list ``locator`` by ``indexes``.</doc>
<status status="PASS" start="2024-02-05T13:01:33.380355" elapsed="15.428611"/>
</kw>
<kw name="Select Radio Button" owner="SeleniumLibrary">
<msg time="2024-02-05T13:01:48.809909" level="INFO">Selecting 'female' from radio button 'gender'.</msg>
<arg>gender</arg>
<arg>female</arg>
<doc>Sets the radio button group ``group_name`` to ``value``.</doc>
<status status="PASS" start="2024-02-05T13:01:48.808966" elapsed="3.162788"/>
</kw>
<kw name="Select Checkbox" owner="SeleniumLibrary">
<msg time="2024-02-05T13:01:51.972772" level="INFO">Selecting checkbox '//input[@name='promos-name']'.</msg>
<arg>//input[@name='promos-name']</arg>
<doc>Selects the checkbox identified by ``locator``.</doc>
<status status="PASS" start="2024-02-05T13:01:51.971754" elapsed="5.192832"/>
</kw>
<kw name="Click Button" owner="SeleniumLibrary">
<msg time="2024-02-05T13:01:57.165484" level="INFO">Clicking button '//button[normalize-space()='Submit']'.</msg>
<arg>//button[normalize-space()='Submit']</arg>
<doc>Clicks the button identified by ``locator``.</doc>
<status status="PASS" start="2024-02-05T13:01:57.165484" elapsed="5.324489"/>
</kw>
<arg>${email}</arg>
<arg>${firstname}</arg>
<arg>${lastname}</arg>
<arg>${city}</arg>
<tag>Add Customer</tag>
<doc>adding new customer</doc>
<status status="PASS" start="2024-02-05T13:01:15.843906" elapsed="46.646067"/>
</kw>
<kw name="Then Customer Gets Confirmation">
<kw name="Set Selenium Speed" owner="SeleniumLibrary">
<arg>1</arg>
<doc>Sets the delay that is waited after each Selenium command.</doc>
<status status="PASS" start="2024-02-05T13:02:02.491870" elapsed="0.001000"/>
</kw>
<kw name="Wait Until Element Is Visible" owner="SeleniumLibrary">
<arg>//div[@id='Success']</arg>
<doc>Waits until the element ``locator`` is visible.</doc>
<status status="PASS" start="2024-02-05T13:02:02.492870" elapsed="2.078375"/>
</kw>
<status status="PASS" start="2024-02-05T13:02:02.490875" elapsed="2.081264"/>
</kw>
<doc>login with a correct credential</doc>
<tag>login</tag>
<status status="PASS" start="2024-02-05T13:01:13.027162" elapsed="51.544977"/>
</test>
<doc>customer service</doc>
<status status="PASS" start="2024-02-05T13:01:09.359933" elapsed="55.215205"/>
</suite>
<statistics>
<total>
<stat pass="1" fail="0" skip="0">All Tests</stat>
</total>
<tag>
<stat pass="1" fail="0" skip="0">login</stat>
</tag>
<suite>
<stat pass="1" fail="0" skip="0" id="s1" name="Test">Test</stat>
</suite>
</statistics>
<errors>
</errors>
</robot>
