<?xml version="1.0" encoding="UTF-8"?>
<robot generator="Robot 7.0 (Python 3.12.1 on win32)" generated="2024-02-05T10:30:46.236670" rpa="false" schemaversion="5">
<suite id="s1" name="Robotframework-seleniumPractice" source="C:\Users\ls930499\PycharmProjects\Robotframework-seleniumPractice">
<suite id="s1-s1" name="Test" source="C:\Users\ls930499\PycharmProjects\Robotframework-seleniumPractice\test.robot">
<test id="s1-s1-t1" name="Test login" line="14">
<kw name="Given We Are At The Login Page">
<kw name="Open Browser" owner="SeleniumLibrary">
<msg time="2024-02-05T10:30:46.535611" level="INFO">Opening browser 'chrome' to base url 'None'.</msg>
<arg>browser=chrome</arg>
<doc>Opens a new browser instance to the optional ``url``.</doc>
<status status="PASS" start="2024-02-05T10:30:46.535110" elapsed="1.374723"/>
</kw>
<kw name="Go To" owner="SeleniumLibrary">
<msg time="2024-02-05T10:30:47.909833" level="INFO">Opening url 'https://automationplayground.com/crm/'</msg>
<arg>${url}</arg>
<doc>Navigates the current browser window to the provided ``url``.</doc>
<status status="PASS" start="2024-02-05T10:30:47.909833" elapsed="0.675736"/>
</kw>
<kw name="Click Link" owner="SeleniumLibrary">
<msg time="2024-02-05T10:30:48.586572" level="INFO">Clicking link '//a[@id='SignIn']'.</msg>
<arg>${sign}</arg>
<doc>Clicks a link identified by ``locator``.</doc>
<status status="PASS" start="2024-02-05T10:30:48.586070" elapsed="0.824017"/>
</kw>
<kw name="Wait Until Element Is Visible" owner="SeleniumLibrary">
<arg>//h2[normalize-space()='Login']</arg>
<doc>Waits until the element ``locator`` is visible.</doc>
<status status="PASS" start="2024-02-05T10:30:49.410087" elapsed="0.039268"/>
</kw>
<tag>We Are At The Login Page</tag>
<doc>opening the sign in page automation playground</doc>
<status status="PASS" start="2024-02-05T10:30:46.535110" elapsed="2.914245"/>
</kw>
<kw name="When Give Valid Username And Password">
<kw name="Log" owner="BuiltIn">
<msg time="2024-02-05T10:30:49.451394" level="INFO">username:user@gmail.com</msg>
<arg>username:${user}</arg>
<doc>Logs the given message with the given level.</doc>
<status status="PASS" start="2024-02-05T10:30:49.450860" elapsed="0.000534"/>
</kw>
<kw name="Log" owner="BuiltIn">
<msg time="2024-02-05T10:30:49.451394" level="INFO">password:12345</msg>
<arg>password:${pass}</arg>
<doc>Logs the given message with the given level.</doc>
<status status="PASS" start="2024-02-05T10:30:49.451394" elapsed="0.000000"/>
</kw>
<kw name="Input Text" owner="SeleniumLibrary">
<msg time="2024-02-05T10:30:49.451897" level="INFO">Typing text 'user@gmail.com' into text field '//input[@id='email-id']'.</msg>
<arg>//input[@id='email-id']</arg>
<arg>${user}</arg>
<doc>Types the given ``text`` into the text field identified by ``locator``.</doc>
<status status="PASS" start="2024-02-05T10:30:49.451897" elapsed="0.136948"/>
</kw>
<kw name="Input Password" owner="SeleniumLibrary">
<msg time="2024-02-05T10:30:49.589850" level="INFO">Typing password into text field '//input[@id='password']'.</msg>
<msg time="2024-02-05T10:30:49.630958" level="INFO">Temporally setting log level to: NONE</msg>
<arg>//input[@id='password']</arg>
<arg>${pass}</arg>
<doc>Types the given password into the text field identified by ``locator``.</doc>
<status status="PASS" start="2024-02-05T10:30:49.588845" elapsed="0.108297"/>
</kw>
<kw name="Click Button" owner="SeleniumLibrary">
<msg time="2024-02-05T10:30:49.698146" level="INFO">Clicking button '//button[@id='submit-id']'.</msg>
<arg>//button[@id='submit-id']</arg>
<doc>Clicks the button identified by ``locator``.</doc>
<status status="PASS" start="2024-02-05T10:30:49.697142" elapsed="0.302745"/>
</kw>
<arg>${username}</arg>
<arg>${password}</arg>
<tag>Give valid username and password</tag>
<doc>Giving Username and Password</doc>
<status status="PASS" start="2024-02-05T10:30:49.450359" elapsed="0.550531"/>
</kw>
<kw name="Then The User Should Be Logged In">
<kw name="Set Selenium Speed" owner="SeleniumLibrary">
<arg>1</arg>
<doc>Sets the delay that is waited after each Selenium command.</doc>
<status status="PASS" start="2024-02-05T10:30:50.012885" elapsed="0.002007"/>
</kw>
<kw name="Wait Until Element Is Visible" owner="SeleniumLibrary">
<arg>//h2[normalize-space()='Our Happy Customers']</arg>
<doc>Waits until the element ``locator`` is visible.</doc>
<status status="PASS" start="2024-02-05T10:30:50.015894" elapsed="2.300026"/>
</kw>
<status status="PASS" start="2024-02-05T10:30:50.009878" elapsed="2.306042"/>
</kw>
<status status="PASS" start="2024-02-05T10:30:46.532604" elapsed="5.783316"/>
</test>
<doc>customer service</doc>
<status status="PASS" start="2024-02-05T10:30:46.264228" elapsed="6.052696"/>
</suite>
<status status="PASS" start="2024-02-05T10:30:46.238157" elapsed="6.080774"/>
</suite>
<statistics>
<total>
<stat pass="1" fail="0" skip="0">All Tests</stat>
</total>
<tag>
</tag>
<suite>
<stat pass="1" fail="0" skip="0" id="s1" name="Robotframework-seleniumPractice">Robotframework-seleniumPractice</stat>
<stat pass="1" fail="0" skip="0" id="s1-s1" name="Test">Robotframework-seleniumPractice.Test</stat>
</suite>
</statistics>
<errors>
</errors>
</robot>
